c:\users\dima\documents\visual studio 2013\projects\retardedgame\retardedgame\debug\vc120.pdb
c:\users\dima\documents\visual studio 2013\projects\retardedgame\retardedgame\debug\vc120.idb
c:\users\dima\documents\visual studio 2013\projects\retardedgame\retardedgame\debug\character.obj
c:\users\dima\documents\visual studio 2013\projects\retardedgame\retardedgame\debug\fpscapper.obj
c:\users\dima\documents\visual studio 2013\projects\retardedgame\retardedgame\debug\main.obj
c:\users\dima\documents\visual studio 2013\projects\retardedgame\retardedgame\debug\player.obj
c:\users\dima\documents\visual studio 2013\projects\retardedgame\retardedgame\debug\texture.obj
c:\users\dima\documents\visual studio 2013\projects\retardedgame\retardedgame\debug\window.obj
c:\users\dima\documents\github\retardedgame\retardedgame\debug\character.obj
c:\users\dima\documents\github\retardedgame\retardedgame\debug\fpscapper.obj
c:\users\dima\documents\github\retardedgame\retardedgame\debug\main.obj
c:\users\dima\documents\github\retardedgame\retardedgame\debug\player.obj
c:\users\dima\documents\github\retardedgame\retardedgame\debug\texture.obj
c:\users\dima\documents\github\retardedgame\retardedgame\debug\window.obj
c:\users\dima\documents\github\retardedgame\retardedgame\debug\vc120.idb
c:\users\dima\documents\github\retardedgame\retardedgame\debug\vc120.pdb
c:\users\dima\documents\github\retardedgame\retardedgame\debug\retardedgame.tlog\cl.command.1.tlog
c:\users\dima\documents\github\retardedgame\retardedgame\debug\retardedgame.tlog\cl.read.1.tlog
c:\users\dima\documents\github\retardedgame\retardedgame\debug\retardedgame.tlog\cl.write.1.tlog
c:\users\dima\documents\github\retardedgame\retardedgame\debug\retardedgame.tlog\link.command.1.tlog
c:\users\dima\documents\github\retardedgame\retardedgame\debug\retardedgame.tlog\link.read.1.tlog
c:\users\dima\documents\github\retardedgame\retardedgame\debug\retardedgame.tlog\link.write.1.tlog
