Build started 9/24/2014 5:00:50 PM.
     1>Project "C:\Users\Dima\Documents\GitHub\RetardedGame\RetardedGame\RetardedGame.vcxproj" on node 2 (Rebuild target(s)).
     1>ClCompile:
         C:\Program Files (x86)\Microsoft Visual Studio 12.0\VC\bin\CL.exe /c /IC:\Users\Dima\Documents\GitHub\RetardedGame\\SDL\include /ZI /nologo /W3 /WX- /sdl- /Od /Oy- /D _MBCS /Gm /EHsc /RTC1 /MDd /GS /fp:precise /Zc:wchar_t /Zc:forScope /Fo"Debug\\" /Fd"Debug\vc120.pdb" /Gd /TP /analyze- /errorReport:prompt Character.cpp FpsCapper.cpp main.cpp Player.cpp Texture.cpp Window.cpp
         Window.cpp
         Texture.cpp
         Player.cpp
         main.cpp
         FpsCapper.cpp
         Character.cpp
         Generating Code...
       Link:
         C:\Program Files (x86)\Microsoft Visual Studio 12.0\VC\bin\link.exe /ERRORREPORT:PROMPT /OUT:"C:\Users\Dima\Documents\GitHub\RetardedGame\Debug\RetardedGame.exe" /INCREMENTAL /NOLOGO /LIBPATH:C:\Users\Dima\Documents\GitHub\RetardedGame\\SDL\lib\x86 kernel32.lib user32.lib gdi32.lib winspool.lib comdlg32.lib advapi32.lib shell32.lib ole32.lib oleaut32.lib uuid.lib odbc32.lib odbccp32.lib SDL2.lib SDL2main.lib SDL2_image.lib kernel32.lib user32.lib gdi32.lib winspool.lib comdlg32.lib advapi32.lib shell32.lib ole32.lib oleaut32.lib uuid.lib odbc32.lib odbccp32.lib /MANIFEST /MANIFESTUAC:"level='asInvoker' uiAccess='false'" /manifest:embed /DEBUG /PDB:"C:\Users\Dima\Documents\GitHub\RetardedGame\Debug\RetardedGame.pdb" /SUBSYSTEM:CONSOLE /TLBID:1 /DYNAMICBASE /NXCOMPAT /IMPLIB:"C:\Users\Dima\Documents\GitHub\RetardedGame\Debug\RetardedGame.lib" /MACHINE:X86 Debug\Character.obj
         Debug\FpsCapper.obj
         Debug\main.obj
         Debug\Player.obj
         Debug\Texture.obj
         Debug\Window.obj
     1>MSVCRTD.lib(cinitexe.obj) : warning LNK4098: defaultlib 'msvcrt.lib' conflicts with use of other libs; use /NODEFAULTLIB:library
         RetardedGame.vcxproj -> C:\Users\Dima\Documents\GitHub\RetardedGame\Debug\RetardedGame.exe
     1>Done Building Project "C:\Users\Dima\Documents\GitHub\RetardedGame\RetardedGame\RetardedGame.vcxproj" (Rebuild target(s)).

Build succeeded.

Time Elapsed 00:00:03.93
