Build started 2014-10-05 14:26:12.
     1>Project "D:\GAME PROJECT\RetardedGame\RetardedGame\RetardedGame.vcxproj" on node 2 (Build target(s)).
     1>ClCompile:
         G:\Program Files (x86)\Visual Studio\VC\bin\x86_amd64\CL.exe /c /I"D:\GAME PROJECT\RetardedGame\\SDL\include" /Zi /nologo /W3 /WX- /sdl- /Od /D _MBCS /Gm /EHsc /RTC1 /MDd /GS /fp:precise /Zc:wchar_t /Zc:forScope /Fo"x64\Debug\\" /Fd"x64\Debug\vc120.pdb" /Gd /TP /errorReport:prompt Gadget.cpp Googles.cpp Gun.cpp Item.cpp main.cpp Player.cpp Shoes.cpp TopHat.cpp Weapon.cpp
         Weapon.cpp
         TopHat.cpp
         Shoes.cpp
         Player.cpp
         main.cpp
         Item.cpp
         Gun.cpp
         Googles.cpp
         Gadget.cpp
         Generating Code...
       Link:
         G:\Program Files (x86)\Visual Studio\VC\bin\x86_amd64\link.exe /ERRORREPORT:PROMPT /OUT:"D:\GAME PROJECT\RetardedGame\x64\Debug\RetardedGame.exe" /INCREMENTAL /NOLOGO /LIBPATH:"D:\GAME PROJECT\RetardedGame\\SDL\lib\x64" kernel32.lib user32.lib gdi32.lib winspool.lib comdlg32.lib advapi32.lib shell32.lib ole32.lib oleaut32.lib uuid.lib odbc32.lib odbccp32.lib SDL2.lib SDL2main.lib SDL2_image.lib kernel32.lib user32.lib gdi32.lib winspool.lib comdlg32.lib advapi32.lib shell32.lib ole32.lib oleaut32.lib uuid.lib odbc32.lib odbccp32.lib /MANIFEST /MANIFESTUAC:"level='asInvoker' uiAccess='false'" /manifest:embed /DEBUG /PDB:"D:\GAME PROJECT\RetardedGame\x64\Debug\RetardedGame.pdb" /SUBSYSTEM:CONSOLE /TLBID:1 /DYNAMICBASE /NXCOMPAT /IMPLIB:"D:\GAME PROJECT\RetardedGame\x64\Debug\RetardedGame.lib" /MACHINE:X64 x64\Debug\Character.obj
         x64\Debug\Enemy.obj
         x64\Debug\EnemyFactory.obj
         x64\Debug\FpsCapper.obj
         x64\Debug\Gadget.obj
         x64\Debug\Googles.obj
         x64\Debug\Gun.obj
         x64\Debug\Item.obj
         x64\Debug\main.obj
         x64\Debug\Player.obj
         x64\Debug\Shoes.obj
         x64\Debug\Texture.obj
         x64\Debug\TopHat.obj
         x64\Debug\Weapon.obj
         x64\Debug\Window.obj
         LINK : D:\GAME PROJECT\RetardedGame\x64\Debug\RetardedGame.exe not found or not built by the last incremental link; performing full link
     1>MSVCRTD.lib(cinitexe.obj) : warning LNK4098: defaultlib 'msvcrt.lib' conflicts with use of other libs; use /NODEFAULTLIB:library
     1>EnemyFactory.obj : warning LNK4099: PDB 'vc120.pdb' was not found with 'EnemyFactory.obj' or at 'D:\GAME PROJECT\RetardedGame\x64\Debug\vc120.pdb'; linking object as if no debug info
     1>Enemy.obj : warning LNK4099: PDB 'vc120.pdb' was not found with 'Enemy.obj' or at 'D:\GAME PROJECT\RetardedGame\x64\Debug\vc120.pdb'; linking object as if no debug info
     1>Character.obj : warning LNK4099: PDB 'vc120.pdb' was not found with 'Character.obj' or at 'D:\GAME PROJECT\RetardedGame\x64\Debug\vc120.pdb'; linking object as if no debug info
         RetardedGame.vcxproj -> D:\GAME PROJECT\RetardedGame\x64\Debug\RetardedGame.exe
     1>Done Building Project "D:\GAME PROJECT\RetardedGame\RetardedGame\RetardedGame.vcxproj" (Build target(s)).

Build succeeded.

Time Elapsed 00:00:04.25
