Build started 9/24/2014 5:08:35 PM.
     1>Project "C:\Users\Dima\Documents\GitHub\RetardedGame\RetardedGame\RetardedGame.vcxproj" on node 2 (Build target(s)).
     1>ClCompile:
         C:\Program Files (x86)\Microsoft Visual Studio 12.0\VC\bin\x86_amd64\CL.exe /c /IC:\Users\Dima\Documents\GitHub\RetardedGame\\SDL\include /Zi /nologo /W3 /WX- /sdl- /O2 /Oi /GL /D _MBCS /Gm- /EHsc /MD /GS /Gy /fp:precise /Zc:wchar_t /Zc:forScope /Fo"x64\Release\\" /Fd"x64\Release\vc120.pdb" /Gd /TP /errorReport:prompt Character.cpp FpsCapper.cpp main.cpp Player.cpp Texture.cpp Window.cpp
         Character.cpp
         FpsCapper.cpp
         main.cpp
         Player.cpp
         Texture.cpp
         Window.cpp
       Link:
         C:\Program Files (x86)\Microsoft Visual Studio 12.0\VC\bin\x86_amd64\link.exe /ERRORREPORT:PROMPT /OUT:"C:\Users\Dima\Documents\GitHub\RetardedGame\x64\Release\RetardedGame.exe" /NOLOGO /LIBPATH:C:\Users\Dima\Documents\GitHub\RetardedGame\\SDL\lib\x64 kernel32.lib user32.lib gdi32.lib winspool.lib comdlg32.lib advapi32.lib shell32.lib ole32.lib oleaut32.lib uuid.lib odbc32.lib odbccp32.lib SDL2.lib SDL2main.lib SDL2_image.lib kernel32.lib user32.lib gdi32.lib winspool.lib comdlg32.lib advapi32.lib shell32.lib ole32.lib oleaut32.lib uuid.lib odbc32.lib odbccp32.lib /MANIFEST /MANIFESTUAC:"level='asInvoker' uiAccess='false'" /manifest:embed /DEBUG /PDB:"C:\Users\Dima\Documents\GitHub\RetardedGame\x64\Release\RetardedGame.pdb" /SUBSYSTEM:WINDOWS /OPT:REF /OPT:ICF /LTCG /TLBID:1 /DYNAMICBASE /NXCOMPAT /IMPLIB:"C:\Users\Dima\Documents\GitHub\RetardedGame\x64\Release\RetardedGame.lib" /MACHINE:X64 x64\Release\Character.obj
         x64\Release\FpsCapper.obj
         x64\Release\main.obj
         x64\Release\Player.obj
         x64\Release\Texture.obj
         x64\Release\Window.obj
         Generating code
         Finished generating code
         RetardedGame.vcxproj -> C:\Users\Dima\Documents\GitHub\RetardedGame\x64\Release\RetardedGame.exe
     1>Done Building Project "C:\Users\Dima\Documents\GitHub\RetardedGame\RetardedGame\RetardedGame.vcxproj" (Build target(s)).

Build succeeded.

Time Elapsed 00:00:03.67
